<?xml version="1.0" encoding="UTF-8"?>
<!-- Generated by org.testng.reporters.JUnitReportReporter -->
<testsuite hostname="Gustavos-MacBook-Pro.local" failures="0" tests="1" name="RegistroDZoneTest" time="47.637" errors="0" timestamp="20 May 2025 00:47:07 GMT">
  <testcase classname="RegistroDZoneTest" name="verificarMensajeErrorAlRegistrar" time="47.637"/>
</testsuite> <!-- RegistroDZoneTest -->
