<?xml version="1.0" encoding="UTF-8"?>
<!-- Generated by org.testng.reporters.JUnitReportReporter -->
<testsuite hostname="Gustavos-MacBook-Pro.local" failures="0" tests="1" name="BuscarGoogleTest" time="5.243" errors="0" timestamp="20 May 2025 00:47:07 GMT">
  <testcase classname="BuscarGoogleTest" name="paginaPrincipalGoogle" time="5.243"/>
</testsuite> <!-- BuscarGoogleTest -->
