<?xml version="1.0" encoding="UTF-8"?>
<!-- Generated by org.testng.reporters.JUnitReportReporter -->
<testsuite hostname="Gustavos-MacBook-Pro.local" failures="0" tests="1" name="RegistroDZoneTest" time="20.112" errors="0" timestamp="21 May 2025 01:16:30 GMT">
  <testcase classname="RegistroDZoneTest" name="verificarMensajeErrorAlRegistrar" time="20.112"/>
</testsuite> <!-- RegistroDZoneTest -->
